{"C:\\Users\\Alessandro Ceruti\\Desktop\\Ale\\Pokemon_Search_By_Ceruti\\src\\App.js": {"path":"C:\\Users\\Alessandro Ceruti\\Desktop\\Ale\\Pokemon_Search_By_Ceruti\\src\\App.js","statementMap":{"0":{"start":{"line":7,"column":12},"end":{"line":21,"column":1}},"1":{"start":{"line":8,"column":26},"end":{"line":8,"column":57}},"2":{"start":{"line":9,"column":2},"end":{"line":20,"column":4}}},"fnMap":{"0":{"name":"(anonymous_0)","decl":{"start":{"line":7,"column":12},"end":{"line":7,"column":13}},"loc":{"start":{"line":7,"column":18},"end":{"line":21,"column":1}},"line":7}},"branchMap":{"0":{"loc":{"start":{"line":11,"column":7},"end":{"line":15,"column":9}},"type":"binary-expr","locations":[{"start":{"line":11,"column":7},"end":{"line":11,"column":22}},{"start":{"line":12,"column":8},"end":{"line":12,"column":31}},{"start":{"line":13,"column":8},"end":{"line":13,"column":42}},{"start":{"line":14,"column":10},"end":{"line":14,"column":64}}],"line":11}},"s":{"0":1,"1":1,"2":1},"f":{"0":1},"b":{"0":[1,1,0,0]},"_coverageSchema":"1a1c01bbd47fc00a2c39e90264f33305004495a9","hash":"f9891930a503e37da80d3cd46398177229e4de4d"}
,"C:\\Users\\Alessandro Ceruti\\Desktop\\Ale\\Pokemon_Search_By_Ceruti\\src\\index.js": {"path":"C:\\Users\\Alessandro Ceruti\\Desktop\\Ale\\Pokemon_Search_By_Ceruti\\src\\index.js","statementMap":{"0":{"start":{"line":8,"column":0},"end":{"line":13,"column":2}}},"fnMap":{},"branchMap":{},"s":{"0":0},"f":{},"b":{}}
,"C:\\Users\\Alessandro Ceruti\\Desktop\\Ale\\Pokemon_Search_By_Ceruti\\src\\components\\description\\Description.js": {"path":"C:\\Users\\Alessandro Ceruti\\Desktop\\Ale\\Pokemon_Search_By_Ceruti\\src\\components\\description\\Description.js","statementMap":{"0":{"start":{"line":10,"column":20},"end":{"line":41,"column":1}},"1":{"start":{"line":11,"column":26},"end":{"line":11,"column":57}},"2":{"start":{"line":13,"column":32},"end":{"line":19,"column":3}},"3":{"start":{"line":14,"column":4},"end":{"line":14,"column":19}},"4":{"start":{"line":15,"column":4},"end":{"line":15,"column":40}},"5":{"start":{"line":16,"column":4},"end":{"line":18,"column":6}},"6":{"start":{"line":22,"column":4},"end":{"line":22,"column":66}},"7":{"start":{"line":22,"column":48},"end":{"line":22,"column":65}},"8":{"start":{"line":24,"column":2},"end":{"line":40,"column":4}}},"fnMap":{"0":{"name":"(anonymous_0)","decl":{"start":{"line":10,"column":20},"end":{"line":10,"column":21}},"loc":{"start":{"line":10,"column":31},"end":{"line":41,"column":1}},"line":10},"1":{"name":"(anonymous_1)","decl":{"start":{"line":13,"column":32},"end":{"line":13,"column":33}},"loc":{"start":{"line":13,"column":38},"end":{"line":19,"column":3}},"line":13},"2":{"name":"(anonymous_2)","decl":{"start":{"line":22,"column":40},"end":{"line":22,"column":41}},"loc":{"start":{"line":22,"column":48},"end":{"line":22,"column":65}},"line":22}},"branchMap":{"0":{"loc":{"start":{"line":22,"column":4},"end":{"line":22,"column":66}},"type":"binary-expr","locations":[{"start":{"line":22,"column":4},"end":{"line":22,"column":17}},{"start":{"line":22,"column":21},"end":{"line":22,"column":66}}],"line":22}},"s":{"0":3,"1":1,"2":1,"3":1,"4":1,"5":1,"6":1,"7":2,"8":1},"f":{"0":1,"1":1,"2":2},"b":{"0":[1,1]},"_coverageSchema":"1a1c01bbd47fc00a2c39e90264f33305004495a9","hash":"37d975e652619d2b4ed2d450b94da08c30c346d3"}
,"C:\\Users\\Alessandro Ceruti\\Desktop\\Ale\\Pokemon_Search_By_Ceruti\\src\\components\\favouriteList\\FavouriteList.js": {"path":"C:\\Users\\Alessandro Ceruti\\Desktop\\Ale\\Pokemon_Search_By_Ceruti\\src\\components\\favouriteList\\FavouriteList.js","statementMap":{"0":{"start":{"line":5,"column":22},"end":{"line":37,"column":1}},"1":{"start":{"line":6,"column":34},"end":{"line":6,"column":49}},"2":{"start":{"line":8,"column":26},"end":{"line":10,"column":3}},"3":{"start":{"line":9,"column":4},"end":{"line":9,"column":33}},"4":{"start":{"line":9,"column":26},"end":{"line":9,"column":31}},"5":{"start":{"line":11,"column":35},"end":{"line":13,"column":3}},"6":{"start":{"line":12,"column":4},"end":{"line":12,"column":34}},"7":{"start":{"line":16,"column":4},"end":{"line":27,"column":6}},"8":{"start":{"line":18,"column":6},"end":{"line":26,"column":11}},"9":{"start":{"line":22,"column":25},"end":{"line":22,"column":53}},"10":{"start":{"line":29,"column":2},"end":{"line":36,"column":4}}},"fnMap":{"0":{"name":"(anonymous_0)","decl":{"start":{"line":5,"column":22},"end":{"line":5,"column":23}},"loc":{"start":{"line":5,"column":33},"end":{"line":37,"column":1}},"line":5},"1":{"name":"(anonymous_1)","decl":{"start":{"line":8,"column":26},"end":{"line":8,"column":27}},"loc":{"start":{"line":8,"column":32},"end":{"line":10,"column":3}},"line":8},"2":{"name":"(anonymous_2)","decl":{"start":{"line":9,"column":16},"end":{"line":9,"column":17}},"loc":{"start":{"line":9,"column":26},"end":{"line":9,"column":31}},"line":9},"3":{"name":"(anonymous_3)","decl":{"start":{"line":11,"column":35},"end":{"line":11,"column":36}},"loc":{"start":{"line":11,"column":45},"end":{"line":13,"column":3}},"line":11},"4":{"name":"(anonymous_4)","decl":{"start":{"line":17,"column":19},"end":{"line":17,"column":20}},"loc":{"start":{"line":18,"column":6},"end":{"line":26,"column":11}},"line":18},"5":{"name":"(anonymous_5)","decl":{"start":{"line":22,"column":19},"end":{"line":22,"column":20}},"loc":{"start":{"line":22,"column":25},"end":{"line":22,"column":53}},"line":22}},"branchMap":{"0":{"loc":{"start":{"line":16,"column":4},"end":{"line":27,"column":6}},"type":"binary-expr","locations":[{"start":{"line":16,"column":4},"end":{"line":16,"column":14}},{"start":{"line":17,"column":4},"end":{"line":27,"column":6}}],"line":16},"1":{"loc":{"start":{"line":32,"column":9},"end":{"line":32,"column":35}},"type":"cond-expr","locations":[{"start":{"line":32,"column":20},"end":{"line":32,"column":26}},{"start":{"line":32,"column":29},"end":{"line":32,"column":35}}],"line":32},"2":{"loc":{"start":{"line":34,"column":7},"end":{"line":34,"column":37}},"type":"binary-expr","locations":[{"start":{"line":34,"column":7},"end":{"line":34,"column":15}},{"start":{"line":34,"column":19},"end":{"line":34,"column":37}}],"line":34}},"s":{"0":3,"1":5,"2":5,"3":2,"4":2,"5":5,"6":2,"7":5,"8":9,"9":2,"10":5},"f":{"0":5,"1":2,"2":2,"3":2,"4":9,"5":2},"b":{"0":[5,5],"1":[3,2],"2":[5,3]},"_coverageSchema":"1a1c01bbd47fc00a2c39e90264f33305004495a9","hash":"2f81e1a79d2e3d0e1f7a3a322555a9fbfd5260f1"}
,"C:\\Users\\Alessandro Ceruti\\Desktop\\Ale\\Pokemon_Search_By_Ceruti\\src\\components\\input\\Input.js": {"path":"C:\\Users\\Alessandro Ceruti\\Desktop\\Ale\\Pokemon_Search_By_Ceruti\\src\\components\\input\\Input.js","statementMap":{"0":{"start":{"line":6,"column":14},"end":{"line":24,"column":1}},"1":{"start":{"line":7,"column":24},"end":{"line":7,"column":77}},"2":{"start":{"line":8,"column":2},"end":{"line":23,"column":4}},"3":{"start":{"line":14,"column":25},"end":{"line":14,"column":49}},"4":{"start":{"line":15,"column":23},"end":{"line":15,"column":45}}},"fnMap":{"0":{"name":"(anonymous_0)","decl":{"start":{"line":6,"column":14},"end":{"line":6,"column":15}},"loc":{"start":{"line":6,"column":25},"end":{"line":24,"column":1}},"line":6},"1":{"name":"(anonymous_1)","decl":{"start":{"line":14,"column":18},"end":{"line":14,"column":19}},"loc":{"start":{"line":14,"column":25},"end":{"line":14,"column":49}},"line":14},"2":{"name":"(anonymous_2)","decl":{"start":{"line":15,"column":16},"end":{"line":15,"column":17}},"loc":{"start":{"line":15,"column":23},"end":{"line":15,"column":45}},"line":15}},"branchMap":{"0":{"loc":{"start":{"line":7,"column":24},"end":{"line":7,"column":77}},"type":"cond-expr","locations":[{"start":{"line":7,"column":42},"end":{"line":7,"column":72}},{"start":{"line":7,"column":75},"end":{"line":7,"column":77}}],"line":7},"1":{"loc":{"start":{"line":18,"column":7},"end":{"line":20,"column":7}},"type":"binary-expr","locations":[{"start":{"line":18,"column":7},"end":{"line":18,"column":18}},{"start":{"line":18,"column":22},"end":{"line":18,"column":44}},{"start":{"line":19,"column":8},"end":{"line":19,"column":70}}],"line":18},"2":{"loc":{"start":{"line":21,"column":7},"end":{"line":21,"column":77}},"type":"binary-expr","locations":[{"start":{"line":21,"column":7},"end":{"line":21,"column":22}},{"start":{"line":21,"column":26},"end":{"line":21,"column":77}}],"line":21}},"s":{"0":2,"1":10,"2":10,"3":3,"4":2},"f":{"0":10,"1":3,"2":2},"b":{"0":[2,8],"1":[10,5,5],"2":[10,2]},"_coverageSchema":"1a1c01bbd47fc00a2c39e90264f33305004495a9","hash":"8458d821823646452b79f8757cabf6fb3ee1ecaa"}
,"C:\\Users\\Alessandro Ceruti\\Desktop\\Ale\\Pokemon_Search_By_Ceruti\\src\\components\\loader\\Loader.js": {"path":"C:\\Users\\Alessandro Ceruti\\Desktop\\Ale\\Pokemon_Search_By_Ceruti\\src\\components\\loader\\Loader.js","statementMap":{"0":{"start":{"line":5,"column":15},"end":{"line":15,"column":1}},"1":{"start":{"line":6,"column":2},"end":{"line":14,"column":4}}},"fnMap":{"0":{"name":"(anonymous_0)","decl":{"start":{"line":5,"column":15},"end":{"line":5,"column":16}},"loc":{"start":{"line":5,"column":21},"end":{"line":15,"column":1}},"line":5}},"branchMap":{},"s":{"0":2,"1":1},"f":{"0":1},"b":{},"_coverageSchema":"1a1c01bbd47fc00a2c39e90264f33305004495a9","hash":"64cde523b9a05299af24ad5cb1c6a9b2f4a58047"}
,"C:\\Users\\Alessandro Ceruti\\Desktop\\Ale\\Pokemon_Search_By_Ceruti\\src\\components\\notificationBar\\NotificationBar.js": {"path":"C:\\Users\\Alessandro Ceruti\\Desktop\\Ale\\Pokemon_Search_By_Ceruti\\src\\components\\notificationBar\\NotificationBar.js","statementMap":{"0":{"start":{"line":8,"column":25},"end":{"line":31,"column":1}},"1":{"start":{"line":9,"column":26},"end":{"line":9,"column":57}},"2":{"start":{"line":10,"column":2},"end":{"line":15,"column":24}},"3":{"start":{"line":11,"column":30},"end":{"line":13,"column":5}},"4":{"start":{"line":12,"column":6},"end":{"line":12,"column":42}},"5":{"start":{"line":14,"column":4},"end":{"line":14,"column":40}},"6":{"start":{"line":16,"column":16},"end":{"line":16,"column":63}},"7":{"start":{"line":18,"column":4},"end":{"line":20,"column":10}},"8":{"start":{"line":23,"column":2},"end":{"line":30,"column":4}}},"fnMap":{"0":{"name":"(anonymous_0)","decl":{"start":{"line":8,"column":25},"end":{"line":8,"column":26}},"loc":{"start":{"line":8,"column":36},"end":{"line":31,"column":1}},"line":8},"1":{"name":"(anonymous_1)","decl":{"start":{"line":10,"column":12},"end":{"line":10,"column":13}},"loc":{"start":{"line":10,"column":18},"end":{"line":15,"column":3}},"line":10},"2":{"name":"(anonymous_2)","decl":{"start":{"line":11,"column":30},"end":{"line":11,"column":31}},"loc":{"start":{"line":11,"column":36},"end":{"line":13,"column":5}},"line":11}},"branchMap":{"0":{"loc":{"start":{"line":16,"column":16},"end":{"line":16,"column":63}},"type":"cond-expr","locations":[{"start":{"line":16,"column":50},"end":{"line":16,"column":58}},{"start":{"line":16,"column":61},"end":{"line":16,"column":63}}],"line":16}},"s":{"0":1,"1":0,"2":0,"3":0,"4":0,"5":0,"6":0,"7":0,"8":0},"f":{"0":0,"1":0,"2":0},"b":{"0":[0,0]},"_coverageSchema":"1a1c01bbd47fc00a2c39e90264f33305004495a9","hash":"365c3afa51fb23bed3600733696fe5004cab806a"}
,"C:\\Users\\Alessandro Ceruti\\Desktop\\Ale\\Pokemon_Search_By_Ceruti\\src\\components\\search\\Search.js": {"path":"C:\\Users\\Alessandro Ceruti\\Desktop\\Ale\\Pokemon_Search_By_Ceruti\\src\\components\\search\\Search.js","statementMap":{"0":{"start":{"line":12,"column":15},"end":{"line":106,"column":1}},"1":{"start":{"line":13,"column":44},"end":{"line":13,"column":56}},"2":{"start":{"line":14,"column":22},"end":{"line":23,"column":4}},"3":{"start":{"line":16,"column":29},"end":{"line":16,"column":62}},"4":{"start":{"line":20,"column":29},"end":{"line":20,"column":52}},"5":{"start":{"line":24,"column":20},"end":{"line":24,"column":65}},"6":{"start":{"line":27,"column":2},"end":{"line":34,"column":3}},"7":{"start":{"line":28,"column":4},"end":{"line":30,"column":37}},"8":{"start":{"line":31,"column":4},"end":{"line":33,"column":18}},"9":{"start":{"line":36,"column":2},"end":{"line":42,"column":9}},"10":{"start":{"line":37,"column":24},"end":{"line":37,"column":55}},"11":{"start":{"line":38,"column":4},"end":{"line":41,"column":5}},"12":{"start":{"line":39,"column":25},"end":{"line":39,"column":49}},"13":{"start":{"line":40,"column":6},"end":{"line":40,"column":37}},"14":{"start":{"line":44,"column":19},"end":{"line":47,"column":3}},"15":{"start":{"line":45,"column":4},"end":{"line":45,"column":24}},"16":{"start":{"line":46,"column":4},"end":{"line":46,"column":22}},"17":{"start":{"line":49,"column":36},"end":{"line":56,"column":3}},"18":{"start":{"line":50,"column":17},"end":{"line":50,"column":35}},"19":{"start":{"line":51,"column":4},"end":{"line":51,"column":41}},"20":{"start":{"line":52,"column":4},"end":{"line":52,"column":16}},"21":{"start":{"line":53,"column":4},"end":{"line":53,"column":39}},"22":{"start":{"line":54,"column":4},"end":{"line":54,"column":42}},"23":{"start":{"line":55,"column":4},"end":{"line":55,"column":27}},"24":{"start":{"line":58,"column":42},"end":{"line":62,"column":3}},"25":{"start":{"line":59,"column":31},"end":{"line":59,"column":72}},"26":{"start":{"line":59,"column":60},"end":{"line":59,"column":71}},"27":{"start":{"line":60,"column":4},"end":{"line":60,"column":41}},"28":{"start":{"line":61,"column":4},"end":{"line":61,"column":56}},"29":{"start":{"line":64,"column":2},"end":{"line":105,"column":4}}},"fnMap":{"0":{"name":"(anonymous_0)","decl":{"start":{"line":12,"column":15},"end":{"line":12,"column":16}},"loc":{"start":{"line":12,"column":21},"end":{"line":106,"column":1}},"line":12},"1":{"name":"(anonymous_1)","decl":{"start":{"line":16,"column":18},"end":{"line":16,"column":19}},"loc":{"start":{"line":16,"column":29},"end":{"line":16,"column":62}},"line":16},"2":{"name":"(anonymous_2)","decl":{"start":{"line":20,"column":18},"end":{"line":20,"column":19}},"loc":{"start":{"line":20,"column":29},"end":{"line":20,"column":52}},"line":20},"3":{"name":"(anonymous_3)","decl":{"start":{"line":36,"column":12},"end":{"line":36,"column":13}},"loc":{"start":{"line":36,"column":18},"end":{"line":42,"column":3}},"line":36},"4":{"name":"(anonymous_4)","decl":{"start":{"line":44,"column":19},"end":{"line":44,"column":20}},"loc":{"start":{"line":44,"column":25},"end":{"line":47,"column":3}},"line":44},"5":{"name":"(anonymous_5)","decl":{"start":{"line":49,"column":36},"end":{"line":49,"column":37}},"loc":{"start":{"line":49,"column":42},"end":{"line":56,"column":3}},"line":49},"6":{"name":"(anonymous_6)","decl":{"start":{"line":58,"column":42},"end":{"line":58,"column":43}},"loc":{"start":{"line":58,"column":52},"end":{"line":62,"column":3}},"line":58},"7":{"name":"(anonymous_7)","decl":{"start":{"line":59,"column":52},"end":{"line":59,"column":53}},"loc":{"start":{"line":59,"column":60},"end":{"line":59,"column":71}},"line":59}},"branchMap":{"0":{"loc":{"start":{"line":27,"column":2},"end":{"line":34,"column":3}},"type":"if","locations":[{"start":{"line":27,"column":2},"end":{"line":34,"column":3}},{"start":{},"end":{}}],"line":27},"1":{"loc":{"start":{"line":28,"column":18},"end":{"line":30,"column":36}},"type":"cond-expr","locations":[{"start":{"line":29,"column":8},"end":{"line":29,"column":49}},{"start":{"line":30,"column":8},"end":{"line":30,"column":36}}],"line":28},"2":{"loc":{"start":{"line":31,"column":22},"end":{"line":33,"column":17}},"type":"cond-expr","locations":[{"start":{"line":32,"column":8},"end":{"line":32,"column":23}},{"start":{"line":33,"column":8},"end":{"line":33,"column":17}}],"line":31},"3":{"loc":{"start":{"line":38,"column":4},"end":{"line":41,"column":5}},"type":"if","locations":[{"start":{"line":38,"column":4},"end":{"line":41,"column":5}},{"start":{},"end":{}}],"line":38},"4":{"loc":{"start":{"line":38,"column":8},"end":{"line":38,"column":49}},"type":"binary-expr","locations":[{"start":{"line":38,"column":8},"end":{"line":38,"column":21}},{"start":{"line":38,"column":25},"end":{"line":38,"column":49}}],"line":38},"5":{"loc":{"start":{"line":87,"column":7},"end":{"line":87,"column":49}},"type":"binary-expr","locations":[{"start":{"line":87,"column":7},"end":{"line":87,"column":35}},{"start":{"line":87,"column":39},"end":{"line":87,"column":49}}],"line":87},"6":{"loc":{"start":{"line":88,"column":7},"end":{"line":97,"column":7}},"type":"binary-expr","locations":[{"start":{"line":88,"column":7},"end":{"line":88,"column":27}},{"start":{"line":88,"column":31},"end":{"line":88,"column":42}},{"start":{"line":89,"column":8},"end":{"line":96,"column":10}}],"line":88},"7":{"loc":{"start":{"line":98,"column":7},"end":{"line":103,"column":7}},"type":"binary-expr","locations":[{"start":{"line":98,"column":7},"end":{"line":98,"column":31}},{"start":{"line":99,"column":8},"end":{"line":102,"column":10}}],"line":98}},"s":{"0":2,"1":11,"2":11,"3":11,"4":11,"5":11,"6":11,"7":0,"8":0,"9":11,"10":3,"11":3,"12":1,"13":1,"14":11,"15":0,"16":0,"17":11,"18":0,"19":0,"20":0,"21":0,"22":0,"23":0,"24":11,"25":1,"26":2,"27":1,"28":1,"29":11},"f":{"0":11,"1":11,"2":11,"3":3,"4":0,"5":0,"6":1,"7":2},"b":{"0":[0,11],"1":[0,0],"2":[0,0],"3":[1,2],"4":[3,1],"5":[11,1],"6":[11,10,0],"7":[11,2]},"_coverageSchema":"1a1c01bbd47fc00a2c39e90264f33305004495a9","hash":"d9690790561b8baf02a0e81f2946cc28dbf52264"}
,"C:\\Users\\Alessandro Ceruti\\Desktop\\Ale\\Pokemon_Search_By_Ceruti\\src\\hooks\\useFetchPokemonDescription.js": {"path":"C:\\Users\\Alessandro Ceruti\\Desktop\\Ale\\Pokemon_Search_By_Ceruti\\src\\hooks\\useFetchPokemonDescription.js","statementMap":{"0":{"start":{"line":5,"column":35},"end":{"line":92,"column":1}},"1":{"start":{"line":6,"column":36},"end":{"line":6,"column":51}},"2":{"start":{"line":7,"column":48},"end":{"line":7,"column":60}},"3":{"start":{"line":8,"column":54},"end":{"line":8,"column":66}},"4":{"start":{"line":10,"column":4},"end":{"line":10,"column":16}},"5":{"start":{"line":11,"column":26},"end":{"line":11,"column":57}},"6":{"start":{"line":13,"column":34},"end":{"line":77,"column":3}},"7":{"start":{"line":14,"column":4},"end":{"line":14,"column":23}},"8":{"start":{"line":15,"column":4},"end":{"line":15,"column":30}},"9":{"start":{"line":16,"column":4},"end":{"line":16,"column":43}},"10":{"start":{"line":19,"column":36},"end":{"line":19,"column":73}},"11":{"start":{"line":20,"column":4},"end":{"line":20,"column":48}},"12":{"start":{"line":22,"column":41},"end":{"line":25,"column":5}},"13":{"start":{"line":27,"column":31},"end":{"line":29,"column":20}},"14":{"start":{"line":30,"column":4},"end":{"line":75,"column":5}},"15":{"start":{"line":31,"column":23},"end":{"line":33,"column":7}},"16":{"start":{"line":35,"column":6},"end":{"line":37,"column":7}},"17":{"start":{"line":36,"column":8},"end":{"line":36,"column":43}},"18":{"start":{"line":38,"column":26},"end":{"line":38,"column":47}},"19":{"start":{"line":39,"column":31},"end":{"line":41,"column":7}},"20":{"start":{"line":40,"column":16},"end":{"line":40,"column":41}},"21":{"start":{"line":43,"column":26},"end":{"line":43,"column":53}},"22":{"start":{"line":44,"column":6},"end":{"line":44,"column":71}},"23":{"start":{"line":45,"column":6},"end":{"line":69,"column":7}},"24":{"start":{"line":46,"column":35},"end":{"line":48,"column":9}},"25":{"start":{"line":49,"column":41},"end":{"line":49,"column":72}},"26":{"start":{"line":50,"column":8},"end":{"line":54,"column":9}},"27":{"start":{"line":51,"column":10},"end":{"line":53,"column":12}},"28":{"start":{"line":55,"column":8},"end":{"line":60,"column":9}},"29":{"start":{"line":56,"column":10},"end":{"line":56,"column":46}},"30":{"start":{"line":57,"column":10},"end":{"line":59,"column":12}},"31":{"start":{"line":61,"column":8},"end":{"line":63,"column":9}},"32":{"start":{"line":62,"column":10},"end":{"line":62,"column":45}},"33":{"start":{"line":65,"column":8},"end":{"line":65,"column":44}},"34":{"start":{"line":66,"column":8},"end":{"line":68,"column":10}},"35":{"start":{"line":71,"column":6},"end":{"line":71,"column":42}},"36":{"start":{"line":72,"column":6},"end":{"line":74,"column":8}},"37":{"start":{"line":76,"column":4},"end":{"line":76,"column":24}},"38":{"start":{"line":78,"column":16},"end":{"line":83,"column":3}},"39":{"start":{"line":79,"column":4},"end":{"line":79,"column":24}},"40":{"start":{"line":80,"column":4},"end":{"line":80,"column":30}},"41":{"start":{"line":81,"column":4},"end":{"line":81,"column":43}},"42":{"start":{"line":82,"column":4},"end":{"line":82,"column":27}},"43":{"start":{"line":84,"column":2},"end":{"line":91,"column":4}}},"fnMap":{"0":{"name":"(anonymous_0)","decl":{"start":{"line":5,"column":35},"end":{"line":5,"column":36}},"loc":{"start":{"line":5,"column":52},"end":{"line":92,"column":1}},"line":5},"1":{"name":"(anonymous_1)","decl":{"start":{"line":13,"column":34},"end":{"line":13,"column":35}},"loc":{"start":{"line":13,"column":46},"end":{"line":77,"column":3}},"line":13},"2":{"name":"(anonymous_2)","decl":{"start":{"line":40,"column":8},"end":{"line":40,"column":9}},"loc":{"start":{"line":40,"column":16},"end":{"line":40,"column":41}},"line":40},"3":{"name":"(anonymous_3)","decl":{"start":{"line":78,"column":16},"end":{"line":78,"column":17}},"loc":{"start":{"line":78,"column":22},"end":{"line":83,"column":3}},"line":78}},"branchMap":{"0":{"loc":{"start":{"line":35,"column":6},"end":{"line":37,"column":7}},"type":"if","locations":[{"start":{"line":35,"column":6},"end":{"line":37,"column":7}},{"start":{},"end":{}}],"line":35},"1":{"loc":{"start":{"line":50,"column":8},"end":{"line":54,"column":9}},"type":"if","locations":[{"start":{"line":50,"column":8},"end":{"line":54,"column":9}},{"start":{},"end":{}}],"line":50},"2":{"loc":{"start":{"line":50,"column":12},"end":{"line":50,"column":73}},"type":"binary-expr","locations":[{"start":{"line":50,"column":12},"end":{"line":50,"column":36}},{"start":{"line":50,"column":40},"end":{"line":50,"column":73}}],"line":50},"3":{"loc":{"start":{"line":55,"column":8},"end":{"line":60,"column":9}},"type":"if","locations":[{"start":{"line":55,"column":8},"end":{"line":60,"column":9}},{"start":{},"end":{}}],"line":55},"4":{"loc":{"start":{"line":61,"column":8},"end":{"line":63,"column":9}},"type":"if","locations":[{"start":{"line":61,"column":8},"end":{"line":63,"column":9}},{"start":{},"end":{}}],"line":61}},"s":{"0":2,"1":11,"2":11,"3":11,"4":11,"5":11,"6":11,"7":1,"8":1,"9":1,"10":1,"11":1,"12":1,"13":1,"14":1,"15":1,"16":0,"17":0,"18":0,"19":0,"20":0,"21":0,"22":0,"23":0,"24":0,"25":0,"26":0,"27":0,"28":0,"29":0,"30":0,"31":0,"32":0,"33":0,"34":0,"35":0,"36":0,"37":0,"38":11,"39":0,"40":0,"41":0,"42":0,"43":11},"f":{"0":11,"1":1,"2":0,"3":0},"b":{"0":[0,0],"1":[0,0],"2":[0,0],"3":[0,0],"4":[0,0]},"_coverageSchema":"1a1c01bbd47fc00a2c39e90264f33305004495a9","hash":"3b186963ecc2dbba09072dfd4849c5afadfefc5b"}
,"C:\\Users\\Alessandro Ceruti\\Desktop\\Ale\\Pokemon_Search_By_Ceruti\\src\\hooks\\useInput.js": {"path":"C:\\Users\\Alessandro Ceruti\\Desktop\\Ale\\Pokemon_Search_By_Ceruti\\src\\hooks\\useInput.js","statementMap":{"0":{"start":{"line":3,"column":17},"end":{"line":42,"column":1}},"1":{"start":{"line":4,"column":42},"end":{"line":4,"column":54}},"2":{"start":{"line":6,"column":36},"end":{"line":6,"column":46}},"3":{"start":{"line":7,"column":21},"end":{"line":7,"column":23}},"4":{"start":{"line":8,"column":21},"end":{"line":8,"column":25}},"5":{"start":{"line":9,"column":26},"end":{"line":11,"column":3}},"6":{"start":{"line":10,"column":12},"end":{"line":10,"column":40}},"7":{"start":{"line":13,"column":2},"end":{"line":16,"column":3}},"8":{"start":{"line":14,"column":4},"end":{"line":14,"column":46}},"9":{"start":{"line":15,"column":4},"end":{"line":15,"column":25}},"10":{"start":{"line":18,"column":19},"end":{"line":18,"column":45}},"11":{"start":{"line":20,"column":29},"end":{"line":22,"column":3}},"12":{"start":{"line":21,"column":4},"end":{"line":21,"column":40}},"13":{"start":{"line":24,"column":27},"end":{"line":26,"column":3}},"14":{"start":{"line":25,"column":4},"end":{"line":25,"column":23}},"15":{"start":{"line":28,"column":16},"end":{"line":31,"column":3}},"16":{"start":{"line":29,"column":4},"end":{"line":29,"column":24}},"17":{"start":{"line":30,"column":4},"end":{"line":30,"column":24}},"18":{"start":{"line":33,"column":2},"end":{"line":41,"column":4}}},"fnMap":{"0":{"name":"(anonymous_0)","decl":{"start":{"line":3,"column":17},"end":{"line":3,"column":18}},"loc":{"start":{"line":3,"column":33},"end":{"line":42,"column":1}},"line":3},"1":{"name":"(anonymous_1)","decl":{"start":{"line":10,"column":4},"end":{"line":10,"column":5}},"loc":{"start":{"line":10,"column":12},"end":{"line":10,"column":40}},"line":10},"2":{"name":"(anonymous_2)","decl":{"start":{"line":20,"column":29},"end":{"line":20,"column":30}},"loc":{"start":{"line":20,"column":40},"end":{"line":22,"column":3}},"line":20},"3":{"name":"(anonymous_3)","decl":{"start":{"line":24,"column":27},"end":{"line":24,"column":28}},"loc":{"start":{"line":24,"column":33},"end":{"line":26,"column":3}},"line":24},"4":{"name":"(anonymous_4)","decl":{"start":{"line":28,"column":16},"end":{"line":28,"column":17}},"loc":{"start":{"line":28,"column":22},"end":{"line":31,"column":3}},"line":28}},"branchMap":{"0":{"loc":{"start":{"line":13,"column":2},"end":{"line":16,"column":3}},"type":"if","locations":[{"start":{"line":13,"column":2},"end":{"line":16,"column":3}},{"start":{},"end":{}}],"line":13},"1":{"loc":{"start":{"line":18,"column":19},"end":{"line":18,"column":45}},"type":"binary-expr","locations":[{"start":{"line":18,"column":19},"end":{"line":18,"column":32}},{"start":{"line":18,"column":36},"end":{"line":18,"column":45}}],"line":18}},"s":{"0":2,"1":11,"2":11,"3":11,"4":11,"5":11,"6":22,"7":11,"8":9,"9":9,"10":11,"11":11,"12":3,"13":11,"14":2,"15":11,"16":0,"17":0,"18":11},"f":{"0":11,"1":22,"2":3,"3":2,"4":0},"b":{"0":[9,2],"1":[11,9]},"_coverageSchema":"1a1c01bbd47fc00a2c39e90264f33305004495a9","hash":"0d72437f59a5205685f2a2e4d9ef14ad474ebddb"}
,"C:\\Users\\Alessandro Ceruti\\Desktop\\Ale\\Pokemon_Search_By_Ceruti\\src\\store\\Notification-Context.js": {"path":"C:\\Users\\Alessandro Ceruti\\Desktop\\Ale\\Pokemon_Search_By_Ceruti\\src\\store\\Notification-Context.js","statementMap":{"0":{"start":{"line":3,"column":28},"end":{"line":7,"column":2}}},"fnMap":{"0":{"name":"(anonymous_0)","decl":{"start":{"line":5,"column":19},"end":{"line":5,"column":20}},"loc":{"start":{"line":5,"column":32},"end":{"line":5,"column":34}},"line":5},"1":{"name":"(anonymous_1)","decl":{"start":{"line":6,"column":21},"end":{"line":6,"column":22}},"loc":{"start":{"line":6,"column":27},"end":{"line":6,"column":29}},"line":6}},"branchMap":{},"s":{"0":3},"f":{"0":1,"1":1},"b":{},"_coverageSchema":"1a1c01bbd47fc00a2c39e90264f33305004495a9","hash":"4ccf1edbc5a0a3f298ae7aadd97d8e925911954e"}
,"C:\\Users\\Alessandro Ceruti\\Desktop\\Ale\\Pokemon_Search_By_Ceruti\\src\\store\\NotificationProvider.js": {"path":"C:\\Users\\Alessandro Ceruti\\Desktop\\Ale\\Pokemon_Search_By_Ceruti\\src\\store\\NotificationProvider.js","statementMap":{"0":{"start":{"line":4,"column":33},"end":{"line":6,"column":1}},"1":{"start":{"line":8,"column":28},"end":{"line":18,"column":1}},"2":{"start":{"line":9,"column":2},"end":{"line":13,"column":3}},"3":{"start":{"line":10,"column":4},"end":{"line":12,"column":6}},"4":{"start":{"line":14,"column":2},"end":{"line":16,"column":3}},"5":{"start":{"line":15,"column":4},"end":{"line":15,"column":36}},"6":{"start":{"line":17,"column":2},"end":{"line":17,"column":34}},"7":{"start":{"line":20,"column":29},"end":{"line":45,"column":1}},"8":{"start":{"line":21,"column":58},"end":{"line":24,"column":3}},"9":{"start":{"line":26,"column":26},"end":{"line":28,"column":3}},"10":{"start":{"line":27,"column":4},"end":{"line":27,"column":70}},"11":{"start":{"line":30,"column":28},"end":{"line":32,"column":3}},"12":{"start":{"line":31,"column":4},"end":{"line":31,"column":71}},"13":{"start":{"line":34,"column":30},"end":{"line":38,"column":3}},"14":{"start":{"line":40,"column":2},"end":{"line":44,"column":4}}},"fnMap":{"0":{"name":"(anonymous_0)","decl":{"start":{"line":8,"column":28},"end":{"line":8,"column":29}},"loc":{"start":{"line":8,"column":47},"end":{"line":18,"column":1}},"line":8},"1":{"name":"(anonymous_1)","decl":{"start":{"line":20,"column":29},"end":{"line":20,"column":30}},"loc":{"start":{"line":20,"column":40},"end":{"line":45,"column":1}},"line":20},"2":{"name":"(anonymous_2)","decl":{"start":{"line":26,"column":26},"end":{"line":26,"column":27}},"loc":{"start":{"line":26,"column":39},"end":{"line":28,"column":3}},"line":26},"3":{"name":"(anonymous_3)","decl":{"start":{"line":30,"column":28},"end":{"line":30,"column":29}},"loc":{"start":{"line":30,"column":36},"end":{"line":32,"column":3}},"line":30}},"branchMap":{"0":{"loc":{"start":{"line":9,"column":2},"end":{"line":13,"column":3}},"type":"if","locations":[{"start":{"line":9,"column":2},"end":{"line":13,"column":3}},{"start":{},"end":{}}],"line":9},"1":{"loc":{"start":{"line":14,"column":2},"end":{"line":16,"column":3}},"type":"if","locations":[{"start":{"line":14,"column":2},"end":{"line":16,"column":3}},{"start":{},"end":{}}],"line":14}},"s":{"0":0,"1":0,"2":0,"3":0,"4":0,"5":0,"6":0,"7":0,"8":0,"9":0,"10":0,"11":0,"12":0,"13":0,"14":0},"f":{"0":0,"1":0,"2":0,"3":0},"b":{"0":[0,0],"1":[0,0]}}
}
