TN:
SF:src\App.js
FN:7,(anonymous_0)
FNF:1
FNH:1
FNDA:1,(anonymous_0)
DA:7,1
DA:8,1
DA:9,1
LF:3
LH:3
BRDA:11,0,0,1
BRDA:11,0,1,1
BRDA:11,0,2,0
BRDA:11,0,3,0
BRF:4
BRH:2
end_of_record
TN:
SF:src\index.js
FNF:0
FNH:0
DA:8,0
LF:1
LH:0
BRF:0
BRH:0
end_of_record
TN:
SF:src\components\description\Description.js
FN:10,(anonymous_0)
FN:13,(anonymous_1)
FN:22,(anonymous_2)
FNF:3
FNH:3
FNDA:1,(anonymous_0)
FNDA:1,(anonymous_1)
FNDA:2,(anonymous_2)
DA:10,3
DA:11,1
DA:13,1
DA:14,1
DA:15,1
DA:16,1
DA:22,2
DA:24,1
LF:8
LH:8
BRDA:22,0,0,1
BRDA:22,0,1,1
BRF:2
BRH:2
end_of_record
TN:
SF:src\components\favouriteList\FavouriteList.js
FN:5,(anonymous_0)
FN:8,(anonymous_1)
FN:9,(anonymous_2)
FN:11,(anonymous_3)
FN:17,(anonymous_4)
FN:22,(anonymous_5)
FNF:6
FNH:6
FNDA:5,(anonymous_0)
FNDA:2,(anonymous_1)
FNDA:2,(anonymous_2)
FNDA:2,(anonymous_3)
FNDA:9,(anonymous_4)
FNDA:2,(anonymous_5)
DA:5,3
DA:6,5
DA:8,5
DA:9,2
DA:11,5
DA:12,2
DA:16,5
DA:18,9
DA:22,2
DA:29,5
LF:10
LH:10
BRDA:16,0,0,5
BRDA:16,0,1,5
BRDA:32,1,0,3
BRDA:32,1,1,2
BRDA:34,2,0,5
BRDA:34,2,1,3
BRF:6
BRH:6
end_of_record
TN:
SF:src\components\input\Input.js
FN:6,(anonymous_0)
FN:14,(anonymous_1)
FN:15,(anonymous_2)
FNF:3
FNH:3
FNDA:10,(anonymous_0)
FNDA:3,(anonymous_1)
FNDA:2,(anonymous_2)
DA:6,2
DA:7,10
DA:8,10
DA:14,3
DA:15,2
LF:5
LH:5
BRDA:7,0,0,2
BRDA:7,0,1,8
BRDA:18,1,0,10
BRDA:18,1,1,5
BRDA:18,1,2,5
BRDA:21,2,0,10
BRDA:21,2,1,2
BRF:7
BRH:7
end_of_record
TN:
SF:src\components\loader\Loader.js
FN:5,(anonymous_0)
FNF:1
FNH:1
FNDA:1,(anonymous_0)
DA:5,2
DA:6,1
LF:2
LH:2
BRF:0
BRH:0
end_of_record
TN:
SF:src\components\notificationBar\NotificationBar.js
FN:8,(anonymous_0)
FN:10,(anonymous_1)
FN:11,(anonymous_2)
FNF:3
FNH:0
FNDA:0,(anonymous_0)
FNDA:0,(anonymous_1)
FNDA:0,(anonymous_2)
DA:8,1
DA:9,0
DA:10,0
DA:11,0
DA:12,0
DA:14,0
DA:16,0
DA:18,0
DA:23,0
LF:9
LH:1
BRDA:16,0,0,0
BRDA:16,0,1,0
BRF:2
BRH:0
end_of_record
TN:
SF:src\components\search\Search.js
FN:12,(anonymous_0)
FN:16,(anonymous_1)
FN:20,(anonymous_2)
FN:36,(anonymous_3)
FN:44,(anonymous_4)
FN:49,(anonymous_5)
FN:58,(anonymous_6)
FN:59,(anonymous_7)
FNF:8
FNH:6
FNDA:11,(anonymous_0)
FNDA:11,(anonymous_1)
FNDA:11,(anonymous_2)
FNDA:3,(anonymous_3)
FNDA:0,(anonymous_4)
FNDA:0,(anonymous_5)
FNDA:1,(anonymous_6)
FNDA:2,(anonymous_7)
DA:12,2
DA:13,11
DA:14,11
DA:16,11
DA:20,11
DA:24,11
DA:27,11
DA:28,0
DA:31,0
DA:36,11
DA:37,3
DA:38,3
DA:39,1
DA:40,1
DA:44,11
DA:45,0
DA:46,0
DA:49,11
DA:50,0
DA:51,0
DA:52,0
DA:53,0
DA:54,0
DA:55,0
DA:58,11
DA:59,2
DA:60,1
DA:61,1
DA:64,11
LF:29
LH:19
BRDA:27,0,0,0
BRDA:27,0,1,11
BRDA:28,1,0,0
BRDA:28,1,1,0
BRDA:31,2,0,0
BRDA:31,2,1,0
BRDA:38,3,0,1
BRDA:38,3,1,2
BRDA:38,4,0,3
BRDA:38,4,1,1
BRDA:87,5,0,11
BRDA:87,5,1,1
BRDA:88,6,0,11
BRDA:88,6,1,10
BRDA:88,6,2,0
BRDA:98,7,0,11
BRDA:98,7,1,2
BRF:17
BRH:11
end_of_record
TN:
SF:src\hooks\useFetchPokemonDescription.js
FN:5,(anonymous_0)
FN:13,(anonymous_1)
FN:40,(anonymous_2)
FN:78,(anonymous_3)
FNF:4
FNH:2
FNDA:11,(anonymous_0)
FNDA:1,(anonymous_1)
FNDA:0,(anonymous_2)
FNDA:0,(anonymous_3)
DA:5,2
DA:6,11
DA:7,11
DA:8,11
DA:10,11
DA:11,11
DA:13,11
DA:14,1
DA:15,1
DA:16,1
DA:19,1
DA:20,1
DA:22,1
DA:27,1
DA:30,1
DA:31,1
DA:35,0
DA:36,0
DA:38,0
DA:39,0
DA:40,0
DA:43,0
DA:44,0
DA:45,0
DA:46,0
DA:49,0
DA:50,0
DA:51,0
DA:55,0
DA:56,0
DA:57,0
DA:61,0
DA:62,0
DA:65,0
DA:66,0
DA:71,0
DA:72,0
DA:76,0
DA:78,11
DA:79,0
DA:80,0
DA:81,0
DA:82,0
DA:84,11
LF:44
LH:18
BRDA:35,0,0,0
BRDA:35,0,1,0
BRDA:50,1,0,0
BRDA:50,1,1,0
BRDA:50,2,0,0
BRDA:50,2,1,0
BRDA:55,3,0,0
BRDA:55,3,1,0
BRDA:61,4,0,0
BRDA:61,4,1,0
BRF:10
BRH:0
end_of_record
TN:
SF:src\hooks\useInput.js
FN:3,(anonymous_0)
FN:10,(anonymous_1)
FN:20,(anonymous_2)
FN:24,(anonymous_3)
FN:28,(anonymous_4)
FNF:5
FNH:4
FNDA:11,(anonymous_0)
FNDA:22,(anonymous_1)
FNDA:3,(anonymous_2)
FNDA:2,(anonymous_3)
FNDA:0,(anonymous_4)
DA:3,2
DA:4,11
DA:6,11
DA:7,11
DA:8,11
DA:9,11
DA:10,22
DA:13,11
DA:14,9
DA:15,9
DA:18,11
DA:20,11
DA:21,3
DA:24,11
DA:25,2
DA:28,11
DA:29,0
DA:30,0
DA:33,11
LF:19
LH:17
BRDA:13,0,0,9
BRDA:13,0,1,2
BRDA:18,1,0,11
BRDA:18,1,1,9
BRF:4
BRH:4
end_of_record
TN:
SF:src\store\Notification-Context.js
FN:5,(anonymous_0)
FN:6,(anonymous_1)
FNF:2
FNH:2
FNDA:1,(anonymous_0)
FNDA:1,(anonymous_1)
DA:3,3
LF:1
LH:1
BRF:0
BRH:0
end_of_record
TN:
SF:src\store\NotificationProvider.js
FN:8,(anonymous_0)
FN:20,(anonymous_1)
FN:26,(anonymous_2)
FN:30,(anonymous_3)
FNF:4
FNH:0
FNDA:0,(anonymous_0)
FNDA:0,(anonymous_1)
FNDA:0,(anonymous_2)
FNDA:0,(anonymous_3)
DA:4,0
DA:8,0
DA:9,0
DA:10,0
DA:14,0
DA:15,0
DA:17,0
DA:20,0
DA:21,0
DA:26,0
DA:27,0
DA:30,0
DA:31,0
DA:34,0
DA:40,0
LF:15
LH:0
BRDA:9,0,0,0
BRDA:9,0,1,0
BRDA:14,1,0,0
BRDA:14,1,1,0
BRF:4
BRH:0
end_of_record
